C:\Program Files\Microsoft Visual Studio\2022\Community\MSBuild\Microsoft\VC\v170\Microsoft.CppBuild.targets(531,5): warning MSB8028: Das Zwischenverzeichnis (x64\Debug\) enthält freigegebene Dateien aus einem anderen Projekt (RubiksCube.vcxproj). Dies kann zu einem falschen Bereinigungs- und Neuerstellungsverhalten führen.
  CubieRenderer.cpp
  InputSystem.cpp
  KeyboardObserver.cpp
  RubixCube.cpp
  ShaderUtil.cpp
  CubeLogic.cpp
  Code wird generiert...
glew32s.lib(glew.obj) : warning LNK4099: PDB "" wurde nicht mit "glew32s.lib(glew.obj)" oder an "" gefunden; Objekt wird verknüpft, als ob keine Debuginformationen vorhanden wären.
LINK : warning LNK4098: Standardbibliothek "MSVCRT" steht in Konflikt mit anderen Bibliotheken; /NODEFAULTLIB:Bibliothek verwenden.
LINK : warning LNK4098: Standardbibliothek "LIBCMT" steht in Konflikt mit anderen Bibliotheken; /NODEFAULTLIB:Bibliothek verwenden.
LINK : warning LNK4217: Das in "__glewBindBuffer" definierte Symbol "glew32s.lib(glew.obj)" wird durch "CubieRenderer.obj" in die Funktion ""public: void __cdecl CubieRenderer::Initialize(void)" (?Initialize@CubieRenderer@@QEAAXXZ)" importiert.
LINK : warning LNK4217: Das in "__glewBufferData" definierte Symbol "glew32s.lib(glew.obj)" wird durch "CubieRenderer.obj" in die Funktion ""public: void __cdecl CubieRenderer::Initialize(void)" (?Initialize@CubieRenderer@@QEAAXXZ)" importiert.
LINK : warning LNK4217: Das in "__glewDeleteBuffers" definierte Symbol "glew32s.lib(glew.obj)" wird durch "CubieRenderer.obj" in die Funktion ""public: void __cdecl CubieRenderer::ClearResources(void)" (?ClearResources@CubieRenderer@@QEAAXXZ)" importiert.
LINK : warning LNK4217: Das in "__glewGenBuffers" definierte Symbol "glew32s.lib(glew.obj)" wird durch "CubieRenderer.obj" in die Funktion ""public: void __cdecl CubieRenderer::Initialize(void)" (?Initialize@CubieRenderer@@QEAAXXZ)" importiert.
LINK : warning LNK4217: Das in "__glewDeleteProgram" definierte Symbol "glew32s.lib(glew.obj)" wird durch "CubieRenderer.obj" in die Funktion ""public: void __cdecl CubieRenderer::ClearResources(void)" (?ClearResources@CubieRenderer@@QEAAXXZ)" importiert.
LINK : warning LNK4217: Das in "__glewEnableVertexAttribArray" definierte Symbol "glew32s.lib(glew.obj)" wird durch "CubieRenderer.obj" in die Funktion ""public: void __cdecl CubieRenderer::Initialize(void)" (?Initialize@CubieRenderer@@QEAAXXZ)" importiert.
LINK : warning LNK4217: Das in "__glewGetUniformLocation" definierte Symbol "glew32s.lib(glew.obj)" wird durch "CubieRenderer.obj" in die Funktion ""public: void __cdecl CubieRenderer::Initialize(void)" (?Initialize@CubieRenderer@@QEAAXXZ)" importiert.
LINK : warning LNK4217: Das in "__glewUniformMatrix4fv" definierte Symbol "glew32s.lib(glew.obj)" wird durch "CubieRenderer.obj" in die Funktion ""public: void __cdecl CubieRenderer::Render(struct glm::mat<4,4,float,0> const &)" (?Render@CubieRenderer@@QEAAXAEBU?$mat@$03$03M$0A@@glm@@@Z)" importiert.
LINK : warning LNK4217: Das in "__glewUseProgram" definierte Symbol "glew32s.lib(glew.obj)" wird durch "CubieRenderer.obj" in die Funktion ""public: void __cdecl CubieRenderer::Render(struct glm::mat<4,4,float,0> const &)" (?Render@CubieRenderer@@QEAAXAEBU?$mat@$03$03M$0A@@glm@@@Z)" importiert.
LINK : warning LNK4217: Das in "__glewVertexAttribPointer" definierte Symbol "glew32s.lib(glew.obj)" wird durch "CubieRenderer.obj" in die Funktion ""public: void __cdecl CubieRenderer::Initialize(void)" (?Initialize@CubieRenderer@@QEAAXXZ)" importiert.
LINK : warning LNK4217: Das in "__glewBindVertexArray" definierte Symbol "glew32s.lib(glew.obj)" wird durch "CubieRenderer.obj" in die Funktion ""public: void __cdecl CubieRenderer::Initialize(void)" (?Initialize@CubieRenderer@@QEAAXXZ)" importiert.
LINK : warning LNK4217: Das in "__glewDeleteVertexArrays" definierte Symbol "glew32s.lib(glew.obj)" wird durch "CubieRenderer.obj" in die Funktion ""public: void __cdecl CubieRenderer::ClearResources(void)" (?ClearResources@CubieRenderer@@QEAAXXZ)" importiert.
LINK : warning LNK4217: Das in "__glewGenVertexArrays" definierte Symbol "glew32s.lib(glew.obj)" wird durch "CubieRenderer.obj" in die Funktion ""public: void __cdecl CubieRenderer::Initialize(void)" (?Initialize@CubieRenderer@@QEAAXXZ)" importiert.
LINK : warning LNK4217: Das in "__glewAttachShader" definierte Symbol "glew32s.lib(glew.obj)" wird durch "ShaderUtil.obj" in die Funktion ""public: static unsigned int __cdecl ShaderUtil::CreateShaderProgram(char const *,char const *)" (?CreateShaderProgram@ShaderUtil@@SAIPEBD0@Z)" importiert.
LINK : warning LNK4217: Das in "__glewCompileShader" definierte Symbol "glew32s.lib(glew.obj)" wird durch "ShaderUtil.obj" in die Funktion ""public: static unsigned int __cdecl ShaderUtil::CreateShaderProgram(char const *,char const *)" (?CreateShaderProgram@ShaderUtil@@SAIPEBD0@Z)" importiert.
LINK : warning LNK4217: Das in "__glewCreateProgram" definierte Symbol "glew32s.lib(glew.obj)" wird durch "ShaderUtil.obj" in die Funktion ""public: static unsigned int __cdecl ShaderUtil::CreateShaderProgram(char const *,char const *)" (?CreateShaderProgram@ShaderUtil@@SAIPEBD0@Z)" importiert.
LINK : warning LNK4217: Das in "__glewCreateShader" definierte Symbol "glew32s.lib(glew.obj)" wird durch "ShaderUtil.obj" in die Funktion ""public: static unsigned int __cdecl ShaderUtil::CreateShaderProgram(char const *,char const *)" (?CreateShaderProgram@ShaderUtil@@SAIPEBD0@Z)" importiert.
LINK : warning LNK4217: Das in "__glewDeleteShader" definierte Symbol "glew32s.lib(glew.obj)" wird durch "ShaderUtil.obj" in die Funktion ""public: static unsigned int __cdecl ShaderUtil::CreateShaderProgram(char const *,char const *)" (?CreateShaderProgram@ShaderUtil@@SAIPEBD0@Z)" importiert.
LINK : warning LNK4217: Das in "__glewGetProgramInfoLog" definierte Symbol "glew32s.lib(glew.obj)" wird durch "ShaderUtil.obj" in die Funktion ""private: static void __cdecl ShaderUtil::PrintProgramLog(unsigned int)" (?PrintProgramLog@ShaderUtil@@CAXI@Z)" importiert.
LINK : warning LNK4217: Das in "__glewGetProgramiv" definierte Symbol "glew32s.lib(glew.obj)" wird durch "ShaderUtil.obj" in die Funktion ""public: static unsigned int __cdecl ShaderUtil::CreateShaderProgram(char const *,char const *)" (?CreateShaderProgram@ShaderUtil@@SAIPEBD0@Z)" importiert.
LINK : warning LNK4217: Das in "__glewGetShaderInfoLog" definierte Symbol "glew32s.lib(glew.obj)" wird durch "ShaderUtil.obj" in die Funktion ""private: static void __cdecl ShaderUtil::PrintShaderLog(unsigned int)" (?PrintShaderLog@ShaderUtil@@CAXI@Z)" importiert.
LINK : warning LNK4217: Das in "__glewGetShaderiv" definierte Symbol "glew32s.lib(glew.obj)" wird durch "ShaderUtil.obj" in die Funktion ""public: static unsigned int __cdecl ShaderUtil::CreateShaderProgram(char const *,char const *)" (?CreateShaderProgram@ShaderUtil@@SAIPEBD0@Z)" importiert.
LINK : warning LNK4217: Das in "__glewLinkProgram" definierte Symbol "glew32s.lib(glew.obj)" wird durch "ShaderUtil.obj" in die Funktion ""public: static unsigned int __cdecl ShaderUtil::CreateShaderProgram(char const *,char const *)" (?CreateShaderProgram@ShaderUtil@@SAIPEBD0@Z)" importiert.
LINK : warning LNK4217: Das in "__glewShaderSource" definierte Symbol "glew32s.lib(glew.obj)" wird durch "ShaderUtil.obj" in die Funktion ""public: static unsigned int __cdecl ShaderUtil::CreateShaderProgram(char const *,char const *)" (?CreateShaderProgram@ShaderUtil@@SAIPEBD0@Z)" importiert.
  RubixCube.vcxproj -> C:\Users\grego\Desktop\Dokumente\Studiumskram\Rubiks Cube\Funktionsfähig\RubixCube\x64\Debug\RubixCube.exe
